[0905/130855:INFO:exception_record.cc(518)] [QB]Process ID: 16152 Type: 2
[0905/130857:INFO:http_cache_transaction.cc(72)] IgnoreZeroCacheError: 0
[0905/135512:INFO:exception_record.cc(518)] [QB]Process ID: 6040 Type: 2
[0905/135512:WARNING:quota_manager.cc(1833)] Create directory failed for path
[0905/135513:WARNING:quota_manager.cc(1833)] Create directory failed for path
[0905/135513:WARNING:quota_manager.cc(1833)] Create directory failed for path
[0905/135517:WARNING:quota_manager.cc(1833)] Create directory failed for path
[0905/135517:WARNING:quota_manager.cc(1833)] Create directory failed for path
[0905/135532:WARNING:webmediaplayer_impl.cc(341)] Using MultibufferDataSource
[0905/135532:WARNING:webmediaplayer_impl.cc(341)] Using MultibufferDataSource
[0905/135532:WARNING:webmediaplayer_impl.cc(341)] Using MultibufferDataSource
[0905/135532:WARNING:webmediaplayer_impl.cc(341)] Using MultibufferDataSource
[0905/135536:WARNING:webmediaplayer_impl.cc(341)] Using MultibufferDataSource
[0905/135550:WARNING:webmediaplayer_impl.cc(341)] Using MultibufferDataSource
[0905/135550:WARNING:webmediaplayer_impl.cc(341)] Using MultibufferDataSource
[0905/135551:WARNING:webmediaplayer_impl.cc(341)] Using MultibufferDataSource
[0905/135635:ERROR:ffmpeg_demuxer.cc(1510)] media::FFmpegDemuxer::OnReadFrameDone result=-541478725 IsMaxMemoryUsageReached=0
[0905/135638:WARNING:webmediaplayer_impl.cc(341)] Using MultibufferDataSource
[0905/140357:INFO:exception_record.cc(518)] [QB]Process ID: 5632 Type: 2
[0905/142513:WARNING:quota_manager.cc(1833)] Create directory failed for path
[0905/142514:WARNING:quota_manager.cc(1833)] Create directory failed for path
